\BOOKMARK [0][-]{chapter*.2}{Resumen}{}% 1
\BOOKMARK [0][-]{chapter*.4}{Introduction}{}% 2
\BOOKMARK [0][-]{chapter.1}{Celestial Mechanics}{}% 3
\BOOKMARK [1][-]{section.1.1}{Two Body Problem}{chapter.1}% 4
\BOOKMARK [1][-]{section.1.2}{Orbital elements}{chapter.1}% 5
\BOOKMARK [1][-]{section.1.3}{Perturbation Theory}{chapter.1}% 6
\BOOKMARK [0][-]{chapter.2}{Linearized gravity }{}% 7
\BOOKMARK [1][-]{section.2.1}{Weak fields}{chapter.2}% 8
\BOOKMARK [1][-]{section.2.2}{Linearized theory}{chapter.2}% 9
\BOOKMARK [0][-]{chapter.3}{Static One Body Problem}{}% 10
\BOOKMARK [1][-]{section.3.1}{Parametrized Metric}{chapter.3}% 11
\BOOKMARK [1][-]{section.3.2}{Lagrangian and equations of motion}{chapter.3}% 12
\BOOKMARK [1][-]{section.3.3}{Conserved quantities}{chapter.3}% 13
\BOOKMARK [1][-]{section.3.4}{Trajectory equation}{chapter.3}% 14
\BOOKMARK [0][-]{chapter.4}{Stationary One Body Problem}{}% 15
\BOOKMARK [1][-]{section.4.1}{Metric of slowly rotating spheroid}{chapter.4}% 16
\BOOKMARK [1][-]{section.4.2}{Construction of the Perturbing Force}{chapter.4}% 17
\BOOKMARK [1][-]{section.4.3}{Perturbing Force}{chapter.4}% 18
\BOOKMARK [1][-]{section.4.4}{Osculating Elements}{chapter.4}% 19
\BOOKMARK [0][-]{chapter.5}{Applications}{}% 20
\BOOKMARK [1][-]{section.5.1}{Artificial Satellites}{chapter.5}% 21
\BOOKMARK [1][-]{section.5.2}{Conclusions}{chapter.5}% 22
\BOOKMARK [0][-]{chapter*.30}{Bibliography}{}% 23
